<?xml version="1.0" encoding="UTF-8"?>
<testng-results ignored="0" total="2" passed="2" failed="0" skipped="0">
  <reporter-output>
  </reporter-output>
  <suite started-at="2023-10-24T08:37:44 EEST" name="nopcommerce suite" finished-at="2023-10-24T08:37:46 EEST" duration-ms="2469">
    <groups>
    </groups>
    <test started-at="2023-10-24T08:37:44 EEST" name="Omar Test" finished-at="2023-10-24T08:37:46 EEST" duration-ms="2469">
      <class name="tests.UserRegistrationTest">
        <test-method is-config="true" signature="startDriver(java.lang.String)[pri:0, instance:tests.UserRegistrationTest@72057ecf]" started-at="2023-10-24T08:37:40 EEST" name="startDriver" finished-at="2023-10-24T08:37:44 EEST" duration-ms="3354" status="PASS">
          <params>
            <param index="0">
              <value>
                <![CDATA[chrome]]>
              </value>
            </param>
          </params>
          <reporter-output>
          </reporter-output>
        </test-method> <!-- startDriver -->
        <test-method signature="UserCanRegisterSuccessfully()[pri:1, instance:tests.UserRegistrationTest@72057ecf]" started-at="2023-10-24T08:37:44 EEST" name="UserCanRegisterSuccessfully" finished-at="2023-10-24T08:37:45 EEST" duration-ms="1359" status="PASS">
          <reporter-output>
          </reporter-output>
        </test-method> <!-- UserCanRegisterSuccessfully -->
        <test-method is-config="true" signature="screenshotOnFailure(org.testng.ITestResult)[pri:0, instance:tests.UserRegistrationTest@72057ecf]" started-at="2023-10-24T08:37:45 EEST" name="screenshotOnFailure" finished-at="2023-10-24T08:37:45 EEST" duration-ms="1" status="PASS">
          <params>
            <param index="0">
              <value>
                <![CDATA[[TestResult name=UserCanRegisterSuccessfully status=SUCCESS method=UserRegistrationTest.UserCanRegisterSuccessfully()[pri:1, instance:tests.UserRegistrationTest@72057ecf] output={null}]]]>
              </value>
            </param>
          </params>
          <reporter-output>
          </reporter-output>
        </test-method> <!-- screenshotOnFailure -->
        <test-method signature="RegisteredUserCanLogin()[pri:0, instance:tests.UserRegistrationTest@72057ecf]" started-at="2023-10-24T08:37:45 EEST" name="RegisteredUserCanLogin" finished-at="2023-10-24T08:37:46 EEST" depends-on-methods="tests.UserRegistrationTest.UserCanRegisterSuccessfully" duration-ms="1088" status="PASS">
          <reporter-output>
          </reporter-output>
        </test-method> <!-- RegisteredUserCanLogin -->
        <test-method is-config="true" signature="screenshotOnFailure(org.testng.ITestResult)[pri:0, instance:tests.UserRegistrationTest@72057ecf]" started-at="2023-10-24T08:37:46 EEST" name="screenshotOnFailure" finished-at="2023-10-24T08:37:46 EEST" duration-ms="0" status="PASS">
          <params>
            <param index="0">
              <value>
                <![CDATA[[TestResult name=RegisteredUserCanLogin status=SUCCESS method=UserRegistrationTest.RegisteredUserCanLogin()[pri:0, instance:tests.UserRegistrationTest@72057ecf] output={null}]]]>
              </value>
            </param>
          </params>
          <reporter-output>
          </reporter-output>
        </test-method> <!-- screenshotOnFailure -->
        <test-method is-config="true" signature="stopDriver()[pri:0, instance:tests.UserRegistrationTest@72057ecf]" started-at="2023-10-24T08:37:46 EEST" name="stopDriver" finished-at="2023-10-24T08:37:46 EEST" duration-ms="177" status="PASS">
          <reporter-output>
          </reporter-output>
        </test-method> <!-- stopDriver -->
      </class> <!-- tests.UserRegistrationTest -->
    </test> <!-- Omar Test -->
  </suite> <!-- nopcommerce suite -->
</testng-results>
